<?xml version="1.0" encoding="UTF-8"?>
<!-- Generated by org.testng.reporters.JUnitReportReporter -->
<testsuite hostname="Vijetha-Prabhakar" name="Test_Scripts.Launch" tests="1" failures="0" timestamp="22 Dec 2019 03:58:19 GMT" time="15.812" errors="0">
  <testcase name="firefox" time="15.812" classname="Test_Scripts.Launch"/>
</testsuite> <!-- Test_Scripts.Launch -->
