<?xml version="1.0" encoding="UTF-8"?>
<!-- Generated by org.testng.reporters.JUnitReportReporter -->
<testsuite hostname="Vijetha-Prabhakar" name="Test_Scripts.FetchProperty_data" tests="1" failures="0" timestamp="21 Dec 2019 15:58:02 GMT" time="0.042" errors="0">
  <testcase name="test_property" time="0.042" classname="Test_Scripts.FetchProperty_data"/>
</testsuite> <!-- Test_Scripts.FetchProperty_data -->
