<?xml version="1.0" encoding="UTF-8"?>
<!-- Generated by org.testng.reporters.JUnitReportReporter -->
<testsuite hostname="Vijetha-Prabhakar" name="Generic.Type_cast" tests="1" failures="0" timestamp="21 Dec 2019 17:37:22 GMT" time="0.016" errors="0">
  <testcase name="Type" time="0.016" classname="Generic.Type_cast"/>
</testsuite> <!-- Generic.Type_cast -->
