<?xml version="1.0" encoding="UTF-8"?>
<!-- Generated by org.testng.reporters.JUnitReportReporter -->
<testsuite hostname="Vijetha-Prabhakar" name="Test_Scripts.Test_property" tests="1" failures="0" timestamp="21 Dec 2019 16:14:54 GMT" time="0.017" errors="0">
  <testcase name="Data" time="0.017" classname="Test_Scripts.Test_property"/>
</testsuite> <!-- Test_Scripts.Test_property -->
