<?xml version="1.0" encoding="UTF-8"?>
<!-- Generated by org.testng.reporters.JUnitReportReporter -->
<testsuite hostname="Vijetha-Prabhakar" name="Excel.exc" tests="1" failures="0" timestamp="22 Dec 2019 15:07:49 GMT" time="1.560" errors="0">
  <testcase name="excelFetch" time="1.560" classname="Excel.exc"/>
</testsuite> <!-- Excel.exc -->
