<?xml version="1.0" encoding="UTF-8"?>
<!-- Generated by org.testng.reporters.JUnitReportReporter -->
<testsuite hostname="Vijetha-Prabhakar" name="Data_provider.Facebook" tests="2" failures="0" timestamp="22 Dec 2019 07:56:06 GMT" time="42.837" errors="0">
  <testcase name="signUp" time="25.716" classname="Data_provider.Facebook"/>
  <testcase name="signUp" time="17.121" classname="Data_provider.Facebook"/>
</testsuite> <!-- Data_provider.Facebook -->
