<?xml version="1.0" encoding="UTF-8"?>
<!-- Generated by org.testng.reporters.JUnitReportReporter -->
<testsuite hostname="Vijetha-Prabhakar" name="Data_provider.Property_data" tests="1" failures="0" timestamp="22 Dec 2019 16:45:04 GMT" time="0.018" errors="0">
  <testcase name="fetchProperty" time="0.018" classname="Data_provider.Property_data"/>
</testsuite> <!-- Data_provider.Property_data -->
